<?xml version="1.0" encoding="UTF-8"?>
<testsuite xmlns:xsi="http://www.w3.org/2001/XMLSchema-instance" xsi:noNamespaceSchemaLocation="https://maven.apache.org/surefire/maven-surefire-plugin/xsd/surefire-test-report-3.0.xsd" version="3.0" name="TestSuite" time="1,071.031" tests="24" errors="0" skipped="0" failures="1">
  <properties>
    <property name="sun.desktop" value="windows"/>
    <property name="awt.toolkit" value="sun.awt.windows.WToolkit"/>
    <property name="file.encoding.pkg" value="sun.io"/>
    <property name="java.specification.version" value="1.8"/>
    <property name="sun.cpu.isalist" value="amd64"/>
    <property name="sun.jnu.encoding" value="Cp1252"/>
    <property name="java.class.path" value="C:\Framework\group6WebAutomation\COSTCO\target\test-classes;C:\Framework\group6WebAutomation\COSTCO\target\classes;C:\Framework\group6WebAutomation\Generic\target\classes;C:\Users\Mohammad Kabir\.m2\repository\org\seleniumhq\selenium\selenium-java\3.141.59\selenium-java-3.141.59.jar;C:\Users\Mohammad Kabir\.m2\repository\org\seleniumhq\selenium\selenium-api\3.141.59\selenium-api-3.141.59.jar;C:\Users\Mohammad Kabir\.m2\repository\org\seleniumhq\selenium\selenium-chrome-driver\3.141.59\selenium-chrome-driver-3.141.59.jar;C:\Users\Mohammad Kabir\.m2\repository\org\seleniumhq\selenium\selenium-edge-driver\3.141.59\selenium-edge-driver-3.141.59.jar;C:\Users\Mohammad Kabir\.m2\repository\org\seleniumhq\selenium\selenium-firefox-driver\3.141.59\selenium-firefox-driver-3.141.59.jar;C:\Users\Mohammad Kabir\.m2\repository\org\seleniumhq\selenium\selenium-ie-driver\3.141.59\selenium-ie-driver-3.141.59.jar;C:\Users\Mohammad Kabir\.m2\repository\org\seleniumhq\selenium\selenium-opera-driver\3.141.59\selenium-opera-driver-3.141.59.jar;C:\Users\Mohammad Kabir\.m2\repository\org\seleniumhq\selenium\selenium-remote-driver\3.141.59\selenium-remote-driver-3.141.59.jar;C:\Users\Mohammad Kabir\.m2\repository\org\seleniumhq\selenium\selenium-safari-driver\3.141.59\selenium-safari-driver-3.141.59.jar;C:\Users\Mohammad Kabir\.m2\repository\org\seleniumhq\selenium\selenium-support\3.141.59\selenium-support-3.141.59.jar;C:\Users\Mohammad Kabir\.m2\repository\net\bytebuddy\byte-buddy\1.8.15\byte-buddy-1.8.15.jar;C:\Users\Mohammad Kabir\.m2\repository\org\apache\commons\commons-exec\1.3\commons-exec-1.3.jar;C:\Users\Mohammad Kabir\.m2\repository\com\google\guava\guava\25.0-jre\guava-25.0-jre.jar;C:\Users\Mohammad Kabir\.m2\repository\com\google\code\findbugs\jsr305\1.3.9\jsr305-1.3.9.jar;C:\Users\Mohammad Kabir\.m2\repository\org\checkerframework\checker-compat-qual\2.0.0\checker-compat-qual-2.0.0.jar;C:\Users\Mohammad Kabir\.m2\repository\com\google\errorprone\error_prone_annotations\2.1.3\error_prone_annotations-2.1.3.jar;C:\Users\Mohammad Kabir\.m2\repository\com\google\j2objc\j2objc-annotations\1.1\j2objc-annotations-1.1.jar;C:\Users\Mohammad Kabir\.m2\repository\org\codehaus\mojo\animal-sniffer-annotations\1.14\animal-sniffer-annotations-1.14.jar;C:\Users\Mohammad Kabir\.m2\repository\com\squareup\okhttp3\okhttp\3.11.0\okhttp-3.11.0.jar;C:\Users\Mohammad Kabir\.m2\repository\com\squareup\okio\okio\1.14.0\okio-1.14.0.jar;C:\Users\Mohammad Kabir\.m2\repository\org\seleniumhq\selenium\selenium-server\3.141.59\selenium-server-3.141.59.jar;C:\Users\Mohammad Kabir\.m2\repository\com\beust\jcommander\1.72\jcommander-1.72.jar;C:\Users\Mohammad Kabir\.m2\repository\net\jcip\jcip-annotations\1.0\jcip-annotations-1.0.jar;C:\Users\Mohammad Kabir\.m2\repository\org\seleniumhq\selenium\jetty-repacked\9.4.12.v20180830\jetty-repacked-9.4.12.v20180830.jar;C:\Users\Mohammad Kabir\.m2\repository\javax\servlet\javax.servlet-api\3.1.0\javax.servlet-api-3.1.0.jar;C:\Users\Mohammad Kabir\.m2\repository\org\yaml\snakeyaml\1.19\snakeyaml-1.19.jar;C:\Users\Mohammad Kabir\.m2\repository\org\testng\testng\7.0.0\testng-7.0.0.jar;C:\Users\Mohammad Kabir\.m2\repository\org\apache\poi\poi\3.17\poi-3.17.jar;C:\Users\Mohammad Kabir\.m2\repository\commons-codec\commons-codec\1.10\commons-codec-1.10.jar;C:\Users\Mohammad Kabir\.m2\repository\org\apache\commons\commons-collections4\4.1\commons-collections4-4.1.jar;C:\Users\Mohammad Kabir\.m2\repository\org\apache\poi\poi-ooxml\3.17\poi-ooxml-3.17.jar;C:\Users\Mohammad Kabir\.m2\repository\org\apache\poi\poi-ooxml-schemas\3.17\poi-ooxml-schemas-3.17.jar;C:\Users\Mohammad Kabir\.m2\repository\org\apache\xmlbeans\xmlbeans\2.6.0\xmlbeans-2.6.0.jar;C:\Users\Mohammad Kabir\.m2\repository\stax\stax-api\1.0.1\stax-api-1.0.1.jar;C:\Users\Mohammad Kabir\.m2\repository\com\github\virtuald\curvesapi\1.04\curvesapi-1.04.jar;C:\Users\Mohammad Kabir\.m2\repository\org\apache\commons\commons-lang3\3.7\commons-lang3-3.7.jar;C:\Users\Mohammad Kabir\.m2\repository\com\relevantcodes\extentreports\2.41.1\extentreports-2.41.1.jar;C:\Users\Mohammad Kabir\.m2\repository\org\jsoup\jsoup\1.8.3\jsoup-1.8.3.jar;C:\Users\Mohammad Kabir\.m2\repository\org\xerial\sqlite-jdbc\3.8.11.1\sqlite-jdbc-3.8.11.1.jar;C:\Users\Mohammad Kabir\.m2\repository\org\freemarker\freemarker\2.3.23\freemarker-2.3.23.jar;C:\Users\Mohammad Kabir\.m2\repository\org\mongodb\mongodb-driver\3.0.4\mongodb-driver-3.0.4.jar;C:\Users\Mohammad Kabir\.m2\repository\org\mongodb\bson\3.0.4\bson-3.0.4.jar;C:\Users\Mohammad Kabir\.m2\repository\org\mongodb\mongodb-driver-core\3.0.4\mongodb-driver-core-3.0.4.jar;"/>
    <property name="java.vm.vendor" value="Oracle Corporation"/>
    <property name="sun.arch.data.model" value="64"/>
    <property name="user.variant" value=""/>
    <property name="java.vendor.url" value="http://java.oracle.com/"/>
    <property name="user.timezone" value="America/New_York"/>
    <property name="java.vm.specification.version" value="1.8"/>
    <property name="os.name" value="Windows 10"/>
    <property name="user.country" value="US"/>
    <property name="sun.java.launcher" value="SUN_STANDARD"/>
    <property name="sun.boot.library.path" value="C:\Program Files\Java\jdk1.8.0_221\jre\bin"/>
    <property name="sun.java.command" value="C:\Users\Mohammad Kabir\AppData\Local\Temp\surefire1714163517590347826\surefirebooter1602824614310758766.jar C:\Users\Mohammad Kabir\AppData\Local\Temp\surefire1714163517590347826 2019-10-11T16-56-13_347-jvmRun1 surefire1633397567288620468tmp surefire_65539579624228717183tmp"/>
    <property name="surefire.test.class.path" value="C:\Framework\group6WebAutomation\COSTCO\target\test-classes;C:\Framework\group6WebAutomation\COSTCO\target\classes;C:\Framework\group6WebAutomation\Generic\target\classes;C:\Users\Mohammad Kabir\.m2\repository\org\seleniumhq\selenium\selenium-java\3.141.59\selenium-java-3.141.59.jar;C:\Users\Mohammad Kabir\.m2\repository\org\seleniumhq\selenium\selenium-api\3.141.59\selenium-api-3.141.59.jar;C:\Users\Mohammad Kabir\.m2\repository\org\seleniumhq\selenium\selenium-chrome-driver\3.141.59\selenium-chrome-driver-3.141.59.jar;C:\Users\Mohammad Kabir\.m2\repository\org\seleniumhq\selenium\selenium-edge-driver\3.141.59\selenium-edge-driver-3.141.59.jar;C:\Users\Mohammad Kabir\.m2\repository\org\seleniumhq\selenium\selenium-firefox-driver\3.141.59\selenium-firefox-driver-3.141.59.jar;C:\Users\Mohammad Kabir\.m2\repository\org\seleniumhq\selenium\selenium-ie-driver\3.141.59\selenium-ie-driver-3.141.59.jar;C:\Users\Mohammad Kabir\.m2\repository\org\seleniumhq\selenium\selenium-opera-driver\3.141.59\selenium-opera-driver-3.141.59.jar;C:\Users\Mohammad Kabir\.m2\repository\org\seleniumhq\selenium\selenium-remote-driver\3.141.59\selenium-remote-driver-3.141.59.jar;C:\Users\Mohammad Kabir\.m2\repository\org\seleniumhq\selenium\selenium-safari-driver\3.141.59\selenium-safari-driver-3.141.59.jar;C:\Users\Mohammad Kabir\.m2\repository\org\seleniumhq\selenium\selenium-support\3.141.59\selenium-support-3.141.59.jar;C:\Users\Mohammad Kabir\.m2\repository\net\bytebuddy\byte-buddy\1.8.15\byte-buddy-1.8.15.jar;C:\Users\Mohammad Kabir\.m2\repository\org\apache\commons\commons-exec\1.3\commons-exec-1.3.jar;C:\Users\Mohammad Kabir\.m2\repository\com\google\guava\guava\25.0-jre\guava-25.0-jre.jar;C:\Users\Mohammad Kabir\.m2\repository\com\google\code\findbugs\jsr305\1.3.9\jsr305-1.3.9.jar;C:\Users\Mohammad Kabir\.m2\repository\org\checkerframework\checker-compat-qual\2.0.0\checker-compat-qual-2.0.0.jar;C:\Users\Mohammad Kabir\.m2\repository\com\google\errorprone\error_prone_annotations\2.1.3\error_prone_annotations-2.1.3.jar;C:\Users\Mohammad Kabir\.m2\repository\com\google\j2objc\j2objc-annotations\1.1\j2objc-annotations-1.1.jar;C:\Users\Mohammad Kabir\.m2\repository\org\codehaus\mojo\animal-sniffer-annotations\1.14\animal-sniffer-annotations-1.14.jar;C:\Users\Mohammad Kabir\.m2\repository\com\squareup\okhttp3\okhttp\3.11.0\okhttp-3.11.0.jar;C:\Users\Mohammad Kabir\.m2\repository\com\squareup\okio\okio\1.14.0\okio-1.14.0.jar;C:\Users\Mohammad Kabir\.m2\repository\org\seleniumhq\selenium\selenium-server\3.141.59\selenium-server-3.141.59.jar;C:\Users\Mohammad Kabir\.m2\repository\com\beust\jcommander\1.72\jcommander-1.72.jar;C:\Users\Mohammad Kabir\.m2\repository\net\jcip\jcip-annotations\1.0\jcip-annotations-1.0.jar;C:\Users\Mohammad Kabir\.m2\repository\org\seleniumhq\selenium\jetty-repacked\9.4.12.v20180830\jetty-repacked-9.4.12.v20180830.jar;C:\Users\Mohammad Kabir\.m2\repository\javax\servlet\javax.servlet-api\3.1.0\javax.servlet-api-3.1.0.jar;C:\Users\Mohammad Kabir\.m2\repository\org\yaml\snakeyaml\1.19\snakeyaml-1.19.jar;C:\Users\Mohammad Kabir\.m2\repository\org\testng\testng\7.0.0\testng-7.0.0.jar;C:\Users\Mohammad Kabir\.m2\repository\org\apache\poi\poi\3.17\poi-3.17.jar;C:\Users\Mohammad Kabir\.m2\repository\commons-codec\commons-codec\1.10\commons-codec-1.10.jar;C:\Users\Mohammad Kabir\.m2\repository\org\apache\commons\commons-collections4\4.1\commons-collections4-4.1.jar;C:\Users\Mohammad Kabir\.m2\repository\org\apache\poi\poi-ooxml\3.17\poi-ooxml-3.17.jar;C:\Users\Mohammad Kabir\.m2\repository\org\apache\poi\poi-ooxml-schemas\3.17\poi-ooxml-schemas-3.17.jar;C:\Users\Mohammad Kabir\.m2\repository\org\apache\xmlbeans\xmlbeans\2.6.0\xmlbeans-2.6.0.jar;C:\Users\Mohammad Kabir\.m2\repository\stax\stax-api\1.0.1\stax-api-1.0.1.jar;C:\Users\Mohammad Kabir\.m2\repository\com\github\virtuald\curvesapi\1.04\curvesapi-1.04.jar;C:\Users\Mohammad Kabir\.m2\repository\org\apache\commons\commons-lang3\3.7\commons-lang3-3.7.jar;C:\Users\Mohammad Kabir\.m2\repository\com\relevantcodes\extentreports\2.41.1\extentreports-2.41.1.jar;C:\Users\Mohammad Kabir\.m2\repository\org\jsoup\jsoup\1.8.3\jsoup-1.8.3.jar;C:\Users\Mohammad Kabir\.m2\repository\org\xerial\sqlite-jdbc\3.8.11.1\sqlite-jdbc-3.8.11.1.jar;C:\Users\Mohammad Kabir\.m2\repository\org\freemarker\freemarker\2.3.23\freemarker-2.3.23.jar;C:\Users\Mohammad Kabir\.m2\repository\org\mongodb\mongodb-driver\3.0.4\mongodb-driver-3.0.4.jar;C:\Users\Mohammad Kabir\.m2\repository\org\mongodb\bson\3.0.4\bson-3.0.4.jar;C:\Users\Mohammad Kabir\.m2\repository\org\mongodb\mongodb-driver-core\3.0.4\mongodb-driver-core-3.0.4.jar;"/>
    <property name="sun.cpu.endian" value="little"/>
    <property name="user.home" value="C:\Users\Mohammad Kabir"/>
    <property name="user.language" value="en"/>
    <property name="java.specification.vendor" value="Oracle Corporation"/>
    <property name="java.home" value="C:\Program Files\Java\jdk1.8.0_221\jre"/>
    <property name="basedir" value="C:\Framework\group6WebAutomation\COSTCO"/>
    <property name="file.separator" value="\"/>
    <property name="line.separator" value="&#10;"/>
    <property name="java.vm.specification.vendor" value="Oracle Corporation"/>
    <property name="java.specification.name" value="Java Platform API Specification"/>
    <property name="java.awt.graphicsenv" value="sun.awt.Win32GraphicsEnvironment"/>
    <property name="surefire.real.class.path" value="C:\Users\Mohammad Kabir\AppData\Local\Temp\surefire1714163517590347826\surefirebooter1602824614310758766.jar"/>
    <property name="sun.boot.class.path" value="C:\Program Files\Java\jdk1.8.0_221\jre\lib\resources.jar;C:\Program Files\Java\jdk1.8.0_221\jre\lib\rt.jar;C:\Program Files\Java\jdk1.8.0_221\jre\lib\sunrsasign.jar;C:\Program Files\Java\jdk1.8.0_221\jre\lib\jsse.jar;C:\Program Files\Java\jdk1.8.0_221\jre\lib\jce.jar;C:\Program Files\Java\jdk1.8.0_221\jre\lib\charsets.jar;C:\Program Files\Java\jdk1.8.0_221\jre\lib\jfr.jar;C:\Program Files\Java\jdk1.8.0_221\jre\classes"/>
    <property name="user.script" value=""/>
    <property name="sun.management.compiler" value="HotSpot 64-Bit Tiered Compilers"/>
    <property name="java.runtime.version" value="1.8.0_221-b11"/>
    <property name="user.name" value="Mohammad Kabir"/>
    <property name="path.separator" value=";"/>
    <property name="os.version" value="10.0"/>
    <property name="java.endorsed.dirs" value="C:\Program Files\Java\jdk1.8.0_221\jre\lib\endorsed"/>
    <property name="java.runtime.name" value="Java(TM) SE Runtime Environment"/>
    <property name="file.encoding" value="Cp1252"/>
    <property name="java.vm.name" value="Java HotSpot(TM) 64-Bit Server VM"/>
    <property name="localRepository" value="C:\Users\Mohammad Kabir\.m2\repository"/>
    <property name="java.vendor.url.bug" value="http://bugreport.sun.com/bugreport/"/>
    <property name="java.io.tmpdir" value="C:\Users\MOHAMM~1\AppData\Local\Temp\"/>
    <property name="java.version" value="1.8.0_221"/>
    <property name="user.dir" value="C:\Framework\group6WebAutomation\COSTCO"/>
    <property name="os.arch" value="amd64"/>
    <property name="java.vm.specification.name" value="Java Virtual Machine Specification"/>
    <property name="java.awt.printerjob" value="sun.awt.windows.WPrinterJob"/>
    <property name="sun.os.patch.level" value=""/>
    <property name="java.library.path" value="C:\Program Files\Java\jdk1.8.0_221\jre\bin;C:\WINDOWS\Sun\Java\bin;C:\WINDOWS\system32;C:\WINDOWS;C:\Program Files (x86)\Common Files\Oracle\Java\javapath;C:\Users\Mohammad Kabir\AppData\Local\Android\Sdk;C:\Program Files\Git\cmd;C:\Users\Mohammad Kabir\develop\apache-maven-3.5.2\bin;C:\Program Files\Java\jdk1.8.0_221\bin;C:\Program Files\Java\jre1.8.0_221\bin;;."/>
    <property name="java.vm.info" value="mixed mode"/>
    <property name="java.vendor" value="Oracle Corporation"/>
    <property name="java.vm.version" value="25.221-b11"/>
    <property name="java.ext.dirs" value="C:\Program Files\Java\jdk1.8.0_221\jre\lib\ext;C:\WINDOWS\Sun\Java\lib\ext"/>
    <property name="sun.io.unicode.encoding" value="UnicodeLittle"/>
    <property name="java.class.version" value="52.0"/>
  </properties>
  <testcase name="testMouseHover" classname="home.TestMouseHover" time="22.194"/>
  <testcase name="testBusinessDelivery" classname="home.TestMouseHover" time="13.606"/>
  <testcase name="testShopAllDepartments" classname="home.TestMouseHover" time="28.241"/>
  <testcase name="testOptical" classname="home.TestMouseHover" time="29.231"/>
  <testcase name="testPharmacy" classname="home.TestMouseHover" time="37.445"/>
  <testcase name="testServices" classname="home.TestMouseHover" time="27.634"/>
  <testcase name="testPhoto" classname="home.TestMouseHover" time="12.195"/>
  <testcase name="testTravel" classname="home.TestMouseHover" time="12.723"/>
  <testcase name="testMembership" classname="home.TestMouseHover" time="37.955"/>
  <testcase name="testChange" classname="home.TestMouseHover" time="7.877">
    <failure message="element not interactable&#10;  (Session info: chrome=77.0.3865.90)&#10;  (Driver info: chromedriver=2.42.591088 (7b2b2dca23cca0862f674758c9a3933e685c27d5),platform=Windows NT 10.0.17134 x86_64) (WARNING: The server did not provide any stacktrace information)&#10;Command duration or timeout: 0 milliseconds&#10;Build info: version: &apos;3.141.59&apos;, revision: &apos;e82be7d358&apos;, time: &apos;2018-11-14T08:17:03&apos;&#10;System info: host: &apos;LAPTOP-9AFL4G62&apos;, ip: &apos;192.168.23.1&apos;, os.name: &apos;Windows 10&apos;, os.arch: &apos;amd64&apos;, os.version: &apos;10.0&apos;, java.version: &apos;1.8.0_221&apos;&#10;Driver info: org.openqa.selenium.chrome.ChromeDriver&#10;Capabilities {acceptInsecureCerts: false, acceptSslCerts: false, applicationCacheEnabled: false, browserConnectionEnabled: false, browserName: chrome, chrome: {chromedriverVersion: 2.42.591088 (7b2b2dca23cca0..., userDataDir: C:\Users\MOHAMM~1\AppData\L...}, cssSelectorsEnabled: true, databaseEnabled: false, goog:chromeOptions: {debuggerAddress: localhost:53325}, handlesAlerts: true, hasTouchScreen: false, javascriptEnabled: true, locationContextEnabled: true, mobileEmulationEnabled: false, nativeEvents: true, networkConnectionEnabled: false, pageLoadStrategy: normal, platform: XP, platformName: XP, rotatable: false, setWindowRect: true, takesHeapSnapshot: true, takesScreenshot: true, unexpectedAlertBehaviour: , unhandledPromptBehavior: , version: 77.0.3865.90, webStorageEnabled: true}&#10;Session ID: e6ec0c37fe88e31fe954ec598391f4fc" type="org.openqa.selenium.ElementNotVisibleException">org.openqa.selenium.ElementNotVisibleException: 
element not interactable
  (Session info: chrome=77.0.3865.90)
  (Driver info: chromedriver=2.42.591088 (7b2b2dca23cca0862f674758c9a3933e685c27d5),platform=Windows NT 10.0.17134 x86_64) (WARNING: The server did not provide any stacktrace information)
Command duration or timeout: 0 milliseconds
Build info: version: '3.141.59', revision: 'e82be7d358', time: '2018-11-14T08:17:03'
System info: host: 'LAPTOP-9AFL4G62', ip: '192.168.23.1', os.name: 'Windows 10', os.arch: 'amd64', os.version: '10.0', java.version: '1.8.0_221'
Driver info: org.openqa.selenium.chrome.ChromeDriver
Capabilities {acceptInsecureCerts: false, acceptSslCerts: false, applicationCacheEnabled: false, browserConnectionEnabled: false, browserName: chrome, chrome: {chromedriverVersion: 2.42.591088 (7b2b2dca23cca0..., userDataDir: C:\Users\MOHAMM~1\AppData\L...}, cssSelectorsEnabled: true, databaseEnabled: false, goog:chromeOptions: {debuggerAddress: localhost:53325}, handlesAlerts: true, hasTouchScreen: false, javascriptEnabled: true, locationContextEnabled: true, mobileEmulationEnabled: false, nativeEvents: true, networkConnectionEnabled: false, pageLoadStrategy: normal, platform: XP, platformName: XP, rotatable: false, setWindowRect: true, takesHeapSnapshot: true, takesScreenshot: true, unexpectedAlertBehaviour: , unhandledPromptBehavior: , version: 77.0.3865.90, webStorageEnabled: true}
Session ID: e6ec0c37fe88e31fe954ec598391f4fc
	at home.TestMouseHover.testChange(TestMouseHover.java:58)
</failure>
    <system-out><![CDATA[MouseHover: 
]]></system-out>
    <system-err><![CDATA[Oct 11, 2019 5:03:57 PM org.openqa.selenium.os.OsProcess destroy
SEVERE: Unable to kill process java.lang.ProcessImpl@28f8e165
Starting ChromeDriver 2.42.591088 (7b2b2dca23cca0862f674758c9a3933e685c27d5) on port 17940
Only local connections are allowed.
Oct 11, 2019 5:04:00 PM org.openqa.selenium.remote.ProtocolHandshake createSession
INFO: Detected dialect: OSS
]]></system-err>
  </testcase>
  <testcase name="testLinkUS" classname="home.TestMouseHover" time="15.53"/>
  <testcase name="testLinkFindWarehouse" classname="home.TestMouseHover" time="6.495"/>
  <testcase name="testImageMattresses" classname="home.TestMouseHover" time="40.058"/>
  <testcase name="testImageBathroom" classname="home.TestMouseHover" time="35.301"/>
  <testcase name="testImageAppliances" classname="home.TestMouseHover" time="36.601"/>
  <testcase name="testImageComputers" classname="home.TestMouseHover" time="36.469"/>
  <testcase name="testOutdoorHeating" classname="home.TestMouseHover" time="36.3"/>
  <testcase name="testFurnitureEssentials" classname="home.TestMouseHover" time="26.917"/>
  <testcase name="testImageHotTubsAndSpas" classname="home.TestMouseHover" time="31.364"/>
  <testcase name="testImageNutrition" classname="home.TestMouseHover" time="31.471"/>
  <testcase name="testImageToys" classname="home.TestMouseHover" time="32.563"/>
  <testcase name="testImageTvs" classname="home.TestMouseHover" time="32.504"/>
  <testcase name="testImageBeauty" classname="home.TestMouseHover" time="31.292"/>
  <testcase name="testImageThisWeeksLooks" classname="home.TestMouseHover" time="24.004"/>
</testsuite>