<?xml version="1.0" encoding="UTF-8"?>
<!-- Generated by org.testng.reporters.JUnitReportReporter -->
<testsuite skipped="0" hostname="Syeds-MacBook-Pro-2.local" name="home.TestHome" tests="1" failures="0" timestamp="2019-09-27T12:31:09 EDT" time="5.703" errors="0">
  <testcase name="test1" time="5.703" classname="home.TestHome"/>
</testsuite> <!-- home.TestHome -->
