<?xml version="1.0" encoding="UTF-8"?>
<!-- Generated by org.testng.reporters.JUnitReportReporter -->
<testsuite skipped="0" hostname="LAPTOP-9AFL4G62" name="home.TestSearch" tests="1" failures="0" timestamp="2019-10-10T23:19:09 EDT" time="75.757" errors="0">
  <testcase name="verifySearchItemWatch" time="75.757" classname="home.TestSearch"/>
</testsuite> <!-- home.TestSearch -->
