<?xml version="1.0" encoding="UTF-8"?>
<!-- Generated by org.testng.reporters.JUnitReportReporter -->
<testsuite skipped="0" hostname="LAPTOP-9AFL4G62" name="home.TestLogIn" tests="1" failures="0" timestamp="2019-10-10T23:17:28 EDT" time="103.336" errors="0">
  <testcase name="testLogIn" time="103.336" classname="home.TestLogIn"/>
</testsuite> <!-- home.TestLogIn -->
