<?xml version="1.0" encoding="UTF-8"?>
<!-- Generated by org.testng.reporters.JUnitReportReporter -->
<testsuite skipped="0" hostname="LAPTOP-9AFL4G62" name="home.TestSignUp" tests="1" failures="0" timestamp="2019-10-11T16:56:53 EDT" time="33.750" errors="0">
  <testcase name="testSignUp" time="33.750" classname="home.TestSignUp"/>
</testsuite> <!-- home.TestSignUp -->
